[INFO] 19:50:17:787 TP0/(5676:5676): Hola! Soy un log
[INFO] 00:11:10:046 TP0/(12169:12169): Hola! Soy un log
[INFO] 00:12:03:133 TP0/(12248:12248): Hola! Soy un log
[INFO] 00:12:08:999 TP0/(12285:12285): Hola! Soy un log
[INFO] 00:17:21:122 TP0/(12574:12574): Hola! Soy un log
[INFO] 00:28:54:615 TP0/(13455:13455): Hola! Soy un log
[INFO] 00:32:47:729 TP0/(13658:13658): Hola! Soy un log
[INFO] 00:33:09:872 TP0/(13703:13703): Hola! Soy un log
[INFO] 00:35:27:635 TP0/(13837:13837): Hola! Soy un log
[INFO] 00:36:15:406 TP0/(13932:13932): Hola! Soy un log
[INFO] 00:36:55:008 TP0/(14051:14051): Hola! Soy un log
[INFO] 00:36:55:009 TP0/(14051:14051): 1
[INFO] 00:37:09:953 TP0/(14119:14119): Hola! Soy un log
[INFO] 00:37:09:955 TP0/(14119:14119): 1
[INFO] 00:37:09:956 TP0/(14119:14119): 4
[INFO] 00:39:19:403 TP0/(14254:14254): Hola! Soy un log
[INFO] 00:39:19:437 TP0/(14254:14254): 1
[INFO] 00:39:26:418 TP0/(14286:14286): Hola! Soy un log
[INFO] 00:39:26:430 TP0/(14286:14286): 1
[INFO] 00:43:25:552 TP0/(14543:14543): Hola! Soy un log
[INFO] 00:43:25:566 TP0/(14543:14543): 1
[INFO] 00:43:25:566 TP0/(14543:14543): 4
[INFO] 00:46:06:194 TP0/(14651:14651): Hola! Soy un log
[INFO] 00:46:06:293 TP0/(14651:14651): 1
[INFO] 00:46:06:293 TP0/(14651:14651): 4
[INFO] 00:50:01:634 TP0/(14862:14862): Hola! Soy un log
[INFO] 00:50:07:476 TP0/(14862:14862): d
[INFO] 00:50:09:739 TP0/(14862:14862): sa
[INFO] 00:50:10:890 TP0/(14862:14862): zxc
[INFO] 00:50:12:132 TP0/(14862:14862): wa
[INFO] 00:50:13:307 TP0/(14862:14862): qwe
[INFO] 00:50:16:075 TP0/(14862:14862): miau
[INFO] 00:50:17:373 TP0/(14862:14862): 
[INFO] 01:02:01:987 TP0/(15353:15353): Hola! Soy un log
[INFO] 01:30:44:062 TP0/(16570:16570): Hola! Soy un log
[INFO] 01:32:48:545 TP0/(16747:16747): Hola! Soy un log
[INFO] 12:11:04:680 TP0/(4242:4242): Hola! Soy un log
[INFO] 12:13:17:139 TP0/(4363:4363): Hola! Soy un log
[INFO] 12:13:47:869 TP0/(4410:4410): Hola! Soy un log
[INFO] 12:14:08:277 TP0/(4443:4443): Hola! Soy un log
[INFO] 12:15:02:110 TP0/(4507:4507): Hola! Soy un log
[INFO] 12:15:02:111 TP0/(4507:4507): llego aca 1
[INFO] 12:15:02:111 TP0/(4507:4507): llego aca 2
[INFO] 12:16:39:974 TP0/(4558:4558): Hola! Soy un log
[INFO] 12:16:39:977 TP0/(4558:4558): llego aca 1
[INFO] 12:16:39:977 TP0/(4558:4558): llego aca 2
[INFO] 12:27:25:756 TP0/(4902:4902): Hola! Soy un log
[INFO] 12:37:33:616 TP0/(5085:5085): Hola! Soy un log
[INFO] 12:38:34:060 TP0/(5148:5148): Hola! Soy un log
[INFO] 12:38:34:061 TP0/(5148:5148): 1111

[INFO] 12:38:54:791 TP0/(5180:5180): Hola! Soy un log
[INFO] 12:38:54:791 TP0/(5180:5180): 1111

[INFO] 12:39:53:788 TP0/(5253:5253): Hola! Soy un log
[INFO] 12:39:53:796 TP0/(5253:5253): 1111

[INFO] 12:41:23:215 TP0/(5303:5303): Hola! Soy un log
[INFO] 12:41:23:215 TP0/(5303:5303): 1111

[INFO] 12:42:10:501 TP0/(5374:5374): Hola! Soy un log
[INFO] 12:42:32:218 TP0/(5416:5416): Hola! Soy un log
[INFO] 12:42:39:635 TP0/(5450:5450): Hola! Soy un log
[INFO] 12:42:49:728 TP0/(5484:5484): Hola! Soy un log
[INFO] 12:45:04:358 TP0/(5592:5592): Hola! Soy un log
[INFO] 12:45:42:670 TP0/(5654:5654): Hola! Soy un log
[INFO] 12:45:53:282 TP0/(5690:5690): Hola! Soy un log
[INFO] 12:46:29:695 TP0/(5748:5748): Hola! Soy un log
[INFO] 12:52:37:302 TP0/(5900:5900): Hola! Soy un log
[INFO] 13:02:19:084 TP0/(6116:6116): Hola! Soy un log
[INFO] 13:02:36:671 TP0/(6146:6146): Hola! Soy un log
[INFO] 13:07:35:076 TP0/(6294:6294): Hola! Soy un log
[INFO] 13:08:06:777 TP0/(6341:6341): Hola! Soy un log
[INFO] 13:08:23:767 TP0/(6382:6382): Hola! Soy un log
[INFO] 13:09:27:221 TP0/(6437:6437): Hola! Soy un log
[INFO] 13:12:29:880 TP0/(6524:6524): Hola! Soy un log
[INFO] 13:12:38:214 TP0/(6540:6540): Hola! Soy un log
[INFO] 13:13:22:574 TP0/(6585:6585): Hola! Soy un log
[INFO] 13:13:42:106 TP0/(6633:6633): Hola! Soy un log
[INFO] 13:15:17:813 TP0/(6704:6704): Hola! Soy un log
[INFO] 13:22:16:700 TP0/(6935:6935): Hola! Soy un log
[INFO] 13:24:08:472 TP0/(7033:7033): Hola! Soy un log
[INFO] 13:24:44:920 TP0/(7083:7083): Hola! Soy un log
[INFO] 13:28:31:293 TP0/(7139:7139): Hola! Soy un log
[INFO] 13:28:47:092 TP0/(7174:7174): Hola! Soy un log
[INFO] 13:29:55:225 TP0/(7248:7248): Hola! Soy un log
